#
# There is insufficient memory for the Java Runtime Environment to continue.
# Native memory allocation (malloc) failed to allocate 304336 bytes for Chunk::new
# Possible reasons:
#   The system is out of physical RAM or swap space
#   The process is running with CompressedOops enabled, and the Java Heap may be blocking the growth of the native heap
# Possible solutions:
#   Reduce memory load on the system
#   Increase physical memory or swap space
#   Check if swap backing store is full
#   Decrease Java heap size (-Xmx/-Xms)
#   Decrease number of Java threads
#   Decrease Java thread stack sizes (-Xss)
#   Set larger code cache with -XX:ReservedCodeCacheSize=
#   JVM is running with Unscaled Compressed Oops mode in which the Java heap is
#     placed in the first 4GB address space. The Java Heap base address is the
#     maximum limit for the native heap growth. Please use -XX:HeapBaseMinAddress
#     to set the Java Heap base and to place the Java Heap above 4GB virtual address.
# This output file may be truncated or incomplete.
#
#  Out of Memory Error (./src/hotspot/share/memory/arena.cpp:197), pid=2352, tid=7336
#
# JRE version: OpenJDK Runtime Environment AdoptOpenJDK (11.0.10+9) (build 11.0.10+9)
# Java VM: OpenJDK 64-Bit Server VM AdoptOpenJDK (11.0.10+9, mixed mode, tiered, compressed oops, g1 gc, windows-amd64)
# No core dump will be written. Minidumps are not enabled by default on client versions of Windows
#

---------------  S U M M A R Y ------------

Command Line: C:\Programs\STMicroelectronics\STM32CubeIDE\plugins\com.st.stm32cube.ide.mcu.ide_2.0.0.202106161847\resources\project_importer\app\cproject_importer.jar --debug C:\Users\bak7\Desktop\STMLAB\I2C_transmit\.project

Host: Intel(R) Core(TM) i3-8100 CPU @ 3.60GHz, 4 cores, 7G,  Windows 10 , 64 bit Build 19041 (10.0.19041.3636)
Time: Fri Jan 12 15:47:43 2024 Томск (зима) elapsed time: 0.222374 seconds (0d 0h 0m 0s)

---------------  T H R E A D  ---------------

Current thread (0x000002599c329000):  JavaThread "C2 CompilerThread1" daemon [_thread_in_native, id=7336, stack(0x000000e1feb00000,0x000000e1fec00000)]


Current CompileTask:
C2:    222  436       4       jdk.internal.org.objectweb.asm.Item::set (219 bytes)

Stack: [0x000000e1feb00000,0x000000e1fec00000]
Native frames: (J=compiled Java code, j=interpreted, Vv=VM code, C=native code)
V  [jvm.dll+0x5f35ea]
V  [jvm.dll+0x77c65e]
V  [jvm.dll+0x77dd2f]
V  [jvm.dll+0x77e3f3]
V  [jvm.dll+0x246c38]
V  [jvm.dll+0xbe6cc]
V  [jvm.dll+0xbedcc]
V  [jvm.dll+0x34bfd7]
V  [jvm.dll+0x319e33]
V  [jvm.dll+0x31916a]
V  [jvm.dll+0x200525]
V  [jvm.dll+0x1ff70f]
V  [jvm.dll+0x1846bc]
V  [jvm.dll+0x20ec37]
V  [jvm.dll+0x20ce1b]
V  [jvm.dll+0x740b39]
V  [jvm.dll+0x739ba4]
V  [jvm.dll+0x5f2466]
C  [ucrtbase.dll+0x21bb2]
C  [KERNEL32.DLL+0x17344]
C  [ntdll.dll+0x526b1]


---------------  P R O C E S S  ---------------

Threads class SMR info:
_java_thread_list=0x000002599beb8ce0, length=11, elements={
0x00000259fc4a3000, 0x00000259ff5dd800, 0x00000259ff60a800, 0x00000259ff61d000,
0x00000259ff61e800, 0x00000259ff622000, 0x00000259ff629000, 0x00000259ff62a000,
0x00000259ff639000, 0x000002599beab000, 0x000002599c329000
}

Java Threads: ( => current thread )
  0x00000259fc4a3000 JavaThread "main" [_thread_in_native, id=3748, stack(0x000000e1fda00000,0x000000e1fdb00000)]
  0x00000259ff5dd800 JavaThread "Reference Handler" daemon [_thread_blocked, id=11292, stack(0x000000e1fe100000,0x000000e1fe200000)]
  0x00000259ff60a800 JavaThread "Finalizer" daemon [_thread_blocked, id=9632, stack(0x000000e1fe200000,0x000000e1fe300000)]
  0x00000259ff61d000 JavaThread "Signal Dispatcher" daemon [_thread_blocked, id=7624, stack(0x000000e1fe300000,0x000000e1fe400000)]
  0x00000259ff61e800 JavaThread "Attach Listener" daemon [_thread_blocked, id=12068, stack(0x000000e1fe400000,0x000000e1fe500000)]
  0x00000259ff622000 JavaThread "Service Thread" daemon [_thread_blocked, id=9404, stack(0x000000e1fe500000,0x000000e1fe600000)]
  0x00000259ff629000 JavaThread "C2 CompilerThread0" daemon [_thread_blocked, id=3844, stack(0x000000e1fe600000,0x000000e1fe700000)]
  0x00000259ff62a000 JavaThread "C1 CompilerThread0" daemon [_thread_blocked, id=5816, stack(0x000000e1fe700000,0x000000e1fe800000)]
  0x00000259ff639000 JavaThread "Sweeper thread" daemon [_thread_blocked, id=9764, stack(0x000000e1fe800000,0x000000e1fe900000)]
  0x000002599beab000 JavaThread "Common-Cleaner" daemon [_thread_blocked, id=1524, stack(0x000000e1fea00000,0x000000e1feb00000)]
=>0x000002599c329000 JavaThread "C2 CompilerThread1" daemon [_thread_in_native, id=7336, stack(0x000000e1feb00000,0x000000e1fec00000)]

Other Threads:
  0x00000259ff5db800 VMThread "VM Thread" [stack: 0x000000e1fe000000,0x000000e1fe100000] [id=1124]
  0x000002599beaa000 WatcherThread [stack: 0x000000e1fe900000,0x000000e1fea00000] [id=2692]
  0x00000259fc4bd000 GCTaskThread "GC Thread#0" [stack: 0x000000e1fdb00000,0x000000e1fdc00000] [id=13128]
  0x00000259fc4ef000 ConcurrentGCThread "G1 Main Marker" [stack: 0x000000e1fdc00000,0x000000e1fdd00000] [id=5032]
  0x00000259fc4f1800 ConcurrentGCThread "G1 Conc#0" [stack: 0x000000e1fdd00000,0x000000e1fde00000] [id=7916]
  0x00000259fc573800 ConcurrentGCThread "G1 Refine#0" [stack: 0x000000e1fde00000,0x000000e1fdf00000] [id=5068]
  0x00000259ff451800 ConcurrentGCThread "G1 Young RemSet Sampling" [stack: 0x000000e1fdf00000,0x000000e1fe000000] [id=4476]

Threads with active compile tasks:
C2 CompilerThread1    248  436       4       jdk.internal.org.objectweb.asm.Item::set (219 bytes)

VM state:not at safepoint (normal execution)

VM Mutex/Monitor currently owned by a thread: None

Heap address: 0x0000000081e00000, size: 2018 MB, Compressed Oops mode: 32-bit
Narrow klass base: 0x0000000000000000, Narrow klass shift: 3
Compressed class space size: 1073741824 Address: 0x0000000100000000

Heap:
 garbage-first heap   total 131072K, used 3072K [0x0000000081e00000, 0x0000000100000000)
  region size 1024K, 4 young (4096K), 0 survivors (0K)
 Metaspace       used 8030K, capacity 8249K, committed 8576K, reserved 1056768K
  class space    used 720K, capacity 772K, committed 896K, reserved 1048576K
Heap Regions: E=young(eden), S=young(survivor), O=old, HS=humongous(starts), HC=humongous(continues), CS=collection set, F=free, A=archive, TAMS=top-at-mark-start (previous, next)
|   0|0x0000000081e00000, 0x0000000081e00000, 0x0000000081f00000|  0%| F|  |TAMS 0x0000000081e00000, 0x0000000081e00000| Untracked 
|   1|0x0000000081f00000, 0x0000000081f00000, 0x0000000082000000|  0%| F|  |TAMS 0x0000000081f00000, 0x0000000081f00000| Untracked 
|   2|0x0000000082000000, 0x0000000082000000, 0x0000000082100000|  0%| F|  |TAMS 0x0000000082000000, 0x0000000082000000| Untracked 
|   3|0x0000000082100000, 0x0000000082100000, 0x0000000082200000|  0%| F|  |TAMS 0x0000000082100000, 0x0000000082100000| Untracked 
|   4|0x0000000082200000, 0x0000000082200000, 0x0000000082300000|  0%| F|  |TAMS 0x0000000082200000, 0x0000000082200000| Untracked 
|   5|0x0000000082300000, 0x0000000082300000, 0x0000000082400000|  0%| F|  |TAMS 0x0000000082300000, 0x0000000082300000| Untracked 
|   6|0x0000000082400000, 0x0000000082400000, 0x0000000082500000|  0%| F|  |TAMS 0x0000000082400000, 0x0000000082400000| Untracked 
|   7|0x0000000082500000, 0x0000000082500000, 0x0000000082600000|  0%| F|  |TAMS 0x0000000082500000, 0x0000000082500000| Untracked 
|   8|0x0000000082600000, 0x0000000082600000, 0x0000000082700000|  0%| F|  |TAMS 0x0000000082600000, 0x0000000082600000| Untracked 
|   9|0x0000000082700000, 0x0000000082700000, 0x0000000082800000|  0%| F|  |TAMS 0x0000000082700000, 0x0000000082700000| Untracked 
|  10|0x0000000082800000, 0x0000000082800000, 0x0000000082900000|  0%| F|  |TAMS 0x0000000082800000, 0x0000000082800000| Untracked 
|  11|0x0000000082900000, 0x0000000082900000, 0x0000000082a00000|  0%| F|  |TAMS 0x0000000082900000, 0x0000000082900000| Untracked 
|  12|0x0000000082a00000, 0x0000000082a00000, 0x0000000082b00000|  0%| F|  |TAMS 0x0000000082a00000, 0x0000000082a00000| Untracked 
|  13|0x0000000082b00000, 0x0000000082b00000, 0x0000000082c00000|  0%| F|  |TAMS 0x0000000082b00000, 0x0000000082b00000| Untracked 
|  14|0x0000000082c00000, 0x0000000082c00000, 0x0000000082d00000|  0%| F|  |TAMS 0x0000000082c00000, 0x0000000082c00000| Untracked 
|  15|0x0000000082d00000, 0x0000000082d00000, 0x0000000082e00000|  0%| F|  |TAMS 0x0000000082d00000, 0x0000000082d00000| Untracked 
|  16|0x0000000082e00000, 0x0000000082e00000, 0x0000000082f00000|  0%| F|  |TAMS 0x0000000082e00000, 0x0000000082e00000| Untracked 
|  17|0x0000000082f00000, 0x0000000082f00000, 0x0000000083000000|  0%| F|  |TAMS 0x0000000082f00000, 0x0000000082f00000| Untracked 
|  18|0x0000000083000000, 0x0000000083000000, 0x0000000083100000|  0%| F|  |TAMS 0x0000000083000000, 0x0000000083000000| Untracked 
|  19|0x0000000083100000, 0x0000000083100000, 0x0000000083200000|  0%| F|  |TAMS 0x0000000083100000, 0x0000000083100000| Untracked 
|  20|0x0000000083200000, 0x0000000083200000, 0x0000000083300000|  0%| F|  |TAMS 0x0000000083200000, 0x0000000083200000| Untracked 
|  21|0x0000000083300000, 0x0000000083300000, 0x0000000083400000|  0%| F|  |TAMS 0x0000000083300000, 0x0000000083300000| Untracked 
|  22|0x0000000083400000, 0x0000000083400000, 0x0000000083500000|  0%| F|  |TAMS 0x0000000083400000, 0x0000000083400000| Untracked 
|  23|0x0000000083500000, 0x0000000083500000, 0x0000000083600000|  0%| F|  |TAMS 0x0000000083500000, 0x0000000083500000| Untracked 
|  24|0x0000000083600000, 0x0000000083600000, 0x0000000083700000|  0%| F|  |TAMS 0x0000000083600000, 0x0000000083600000| Untracked 
|  25|0x0000000083700000, 0x0000000083700000, 0x0000000083800000|  0%| F|  |TAMS 0x0000000083700000, 0x0000000083700000| Untracked 
|  26|0x0000000083800000, 0x0000000083800000, 0x0000000083900000|  0%| F|  |TAMS 0x0000000083800000, 0x0000000083800000| Untracked 
|  27|0x0000000083900000, 0x0000000083900000, 0x0000000083a00000|  0%| F|  |TAMS 0x0000000083900000, 0x0000000083900000| Untracked 
|  28|0x0000000083a00000, 0x0000000083a00000, 0x0000000083b00000|  0%| F|  |TAMS 0x0000000083a00000, 0x0000000083a00000| Untracked 
|  29|0x0000000083b00000, 0x0000000083b00000, 0x0000000083c00000|  0%| F|  |TAMS 0x0000000083b00000, 0x0000000083b00000| Untracked 
|  30|0x0000000083c00000, 0x0000000083c00000, 0x0000000083d00000|  0%| F|  |TAMS 0x0000000083c00000, 0x0000000083c00000| Untracked 
|  31|0x0000000083d00000, 0x0000000083d00000, 0x0000000083e00000|  0%| F|  |TAMS 0x0000000083d00000, 0x0000000083d00000| Untracked 
|  32|0x0000000083e00000, 0x0000000083e00000, 0x0000000083f00000|  0%| F|  |TAMS 0x0000000083e00000, 0x0000000083e00000| Untracked 
|  33|0x0000000083f00000, 0x0000000083f00000, 0x0000000084000000|  0%| F|  |TAMS 0x0000000083f00000, 0x0000000083f00000| Untracked 
|  34|0x0000000084000000, 0x0000000084000000, 0x0000000084100000|  0%| F|  |TAMS 0x0000000084000000, 0x0000000084000000| Untracked 
|  35|0x0000000084100000, 0x0000000084100000, 0x0000000084200000|  0%| F|  |TAMS 0x0000000084100000, 0x0000000084100000| Untracked 
|  36|0x0000000084200000, 0x0000000084200000, 0x0000000084300000|  0%| F|  |TAMS 0x0000000084200000, 0x0000000084200000| Untracked 
|  37|0x0000000084300000, 0x0000000084300000, 0x0000000084400000|  0%| F|  |TAMS 0x0000000084300000, 0x0000000084300000| Untracked 
|  38|0x0000000084400000, 0x0000000084400000, 0x0000000084500000|  0%| F|  |TAMS 0x0000000084400000, 0x0000000084400000| Untracked 
|  39|0x0000000084500000, 0x0000000084500000, 0x0000000084600000|  0%| F|  |TAMS 0x0000000084500000, 0x0000000084500000| Untracked 
|  40|0x0000000084600000, 0x0000000084600000, 0x0000000084700000|  0%| F|  |TAMS 0x0000000084600000, 0x0000000084600000| Untracked 
|  41|0x0000000084700000, 0x0000000084700000, 0x0000000084800000|  0%| F|  |TAMS 0x0000000084700000, 0x0000000084700000| Untracked 
|  42|0x0000000084800000, 0x0000000084800000, 0x0000000084900000|  0%| F|  |TAMS 0x0000000084800000, 0x0000000084800000| Untracked 
|  43|0x0000000084900000, 0x0000000084900000, 0x0000000084a00000|  0%| F|  |TAMS 0x0000000084900000, 0x0000000084900000| Untracked 
|  44|0x0000000084a00000, 0x0000000084a00000, 0x0000000084b00000|  0%| F|  |TAMS 0x0000000084a00000, 0x0000000084a00000| Untracked 
|  45|0x0000000084b00000, 0x0000000084b00000, 0x0000000084c00000|  0%| F|  |TAMS 0x0000000084b00000, 0x0000000084b00000| Untracked 
|  46|0x0000000084c00000, 0x0000000084c00000, 0x0000000084d00000|  0%| F|  |TAMS 0x0000000084c00000, 0x0000000084c00000| Untracked 
|  47|0x0000000084d00000, 0x0000000084d00000, 0x0000000084e00000|  0%| F|  |TAMS 0x0000000084d00000, 0x0000000084d00000| Untracked 
|  48|0x0000000084e00000, 0x0000000084e00000, 0x0000000084f00000|  0%| F|  |TAMS 0x0000000084e00000, 0x0000000084e00000| Untracked 
|  49|0x0000000084f00000, 0x0000000084f00000, 0x0000000085000000|  0%| F|  |TAMS 0x0000000084f00000, 0x0000000084f00000| Untracked 
|  50|0x0000000085000000, 0x0000000085000000, 0x0000000085100000|  0%| F|  |TAMS 0x0000000085000000, 0x0000000085000000| Untracked 
|  51|0x0000000085100000, 0x0000000085100000, 0x0000000085200000|  0%| F|  |TAMS 0x0000000085100000, 0x0000000085100000| Untracked 
|  52|0x0000000085200000, 0x0000000085200000, 0x0000000085300000|  0%| F|  |TAMS 0x0000000085200000, 0x0000000085200000| Untracked 
|  53|0x0000000085300000, 0x0000000085300000, 0x0000000085400000|  0%| F|  |TAMS 0x0000000085300000, 0x0000000085300000| Untracked 
|  54|0x0000000085400000, 0x0000000085400000, 0x0000000085500000|  0%| F|  |TAMS 0x0000000085400000, 0x0000000085400000| Untracked 
|  55|0x0000000085500000, 0x0000000085500000, 0x0000000085600000|  0%| F|  |TAMS 0x0000000085500000, 0x0000000085500000| Untracked 
|  56|0x0000000085600000, 0x0000000085600000, 0x0000000085700000|  0%| F|  |TAMS 0x0000000085600000, 0x0000000085600000| Untracked 
|  57|0x0000000085700000, 0x0000000085700000, 0x0000000085800000|  0%| F|  |TAMS 0x0000000085700000, 0x0000000085700000| Untracked 
|  58|0x0000000085800000, 0x0000000085800000, 0x0000000085900000|  0%| F|  |TAMS 0x0000000085800000, 0x0000000085800000| Untracked 
|  59|0x0000000085900000, 0x0000000085900000, 0x0000000085a00000|  0%| F|  |TAMS 0x0000000085900000, 0x0000000085900000| Untracked 
|  60|0x0000000085a00000, 0x0000000085a00000, 0x0000000085b00000|  0%| F|  |TAMS 0x0000000085a00000, 0x0000000085a00000| Untracked 
|  61|0x0000000085b00000, 0x0000000085b00000, 0x0000000085c00000|  0%| F|  |TAMS 0x0000000085b00000, 0x0000000085b00000| Untracked 
|  62|0x0000000085c00000, 0x0000000085c00000, 0x0000000085d00000|  0%| F|  |TAMS 0x0000000085c00000, 0x0000000085c00000| Untracked 
|  63|0x0000000085d00000, 0x0000000085d00000, 0x0000000085e00000|  0%| F|  |TAMS 0x0000000085d00000, 0x0000000085d00000| Untracked 
|  64|0x0000000085e00000, 0x0000000085e00000, 0x0000000085f00000|  0%| F|  |TAMS 0x0000000085e00000, 0x0000000085e00000| Untracked 
|  65|0x0000000085f00000, 0x0000000085f00000, 0x0000000086000000|  0%| F|  |TAMS 0x0000000085f00000, 0x0000000085f00000| Untracked 
|  66|0x0000000086000000, 0x0000000086000000, 0x0000000086100000|  0%| F|  |TAMS 0x0000000086000000, 0x0000000086000000| Untracked 
|  67|0x0000000086100000, 0x0000000086100000, 0x0000000086200000|  0%| F|  |TAMS 0x0000000086100000, 0x0000000086100000| Untracked 
|  68|0x0000000086200000, 0x0000000086200000, 0x0000000086300000|  0%| F|  |TAMS 0x0000000086200000, 0x0000000086200000| Untracked 
|  69|0x0000000086300000, 0x0000000086300000, 0x0000000086400000|  0%| F|  |TAMS 0x0000000086300000, 0x0000000086300000| Untracked 
|  70|0x0000000086400000, 0x0000000086400000, 0x0000000086500000|  0%| F|  |TAMS 0x0000000086400000, 0x0000000086400000| Untracked 
|  71|0x0000000086500000, 0x0000000086500000, 0x0000000086600000|  0%| F|  |TAMS 0x0000000086500000, 0x0000000086500000| Untracked 
|  72|0x0000000086600000, 0x0000000086600000, 0x0000000086700000|  0%| F|  |TAMS 0x0000000086600000, 0x0000000086600000| Untracked 
|  73|0x0000000086700000, 0x0000000086700000, 0x0000000086800000|  0%| F|  |TAMS 0x0000000086700000, 0x0000000086700000| Untracked 
|  74|0x0000000086800000, 0x0000000086800000, 0x0000000086900000|  0%| F|  |TAMS 0x0000000086800000, 0x0000000086800000| Untracked 
|  75|0x0000000086900000, 0x0000000086900000, 0x0000000086a00000|  0%| F|  |TAMS 0x0000000086900000, 0x0000000086900000| Untracked 
|  76|0x0000000086a00000, 0x0000000086a00000, 0x0000000086b00000|  0%| F|  |TAMS 0x0000000086a00000, 0x0000000086a00000| Untracked 
|  77|0x0000000086b00000, 0x0000000086b00000, 0x0000000086c00000|  0%| F|  |TAMS 0x0000000086b00000, 0x0000000086b00000| Untracked 
|  78|0x0000000086c00000, 0x0000000086c00000, 0x0000000086d00000|  0%| F|  |TAMS 0x0000000086c00000, 0x0000000086c00000| Untracked 
|  79|0x0000000086d00000, 0x0000000086d00000, 0x0000000086e00000|  0%| F|  |TAMS 0x0000000086d00000, 0x0000000086d00000| Untracked 
|  80|0x0000000086e00000, 0x0000000086e00000, 0x0000000086f00000|  0%| F|  |TAMS 0x0000000086e00000, 0x0000000086e00000| Untracked 
|  81|0x0000000086f00000, 0x0000000086f00000, 0x0000000087000000|  0%| F|  |TAMS 0x0000000086f00000, 0x0000000086f00000| Untracked 
|  82|0x0000000087000000, 0x0000000087000000, 0x0000000087100000|  0%| F|  |TAMS 0x0000000087000000, 0x0000000087000000| Untracked 
|  83|0x0000000087100000, 0x0000000087100000, 0x0000000087200000|  0%| F|  |TAMS 0x0000000087100000, 0x0000000087100000| Untracked 
|  84|0x0000000087200000, 0x0000000087200000, 0x0000000087300000|  0%| F|  |TAMS 0x0000000087200000, 0x0000000087200000| Untracked 
|  85|0x0000000087300000, 0x0000000087300000, 0x0000000087400000|  0%| F|  |TAMS 0x0000000087300000, 0x0000000087300000| Untracked 
|  86|0x0000000087400000, 0x0000000087400000, 0x0000000087500000|  0%| F|  |TAMS 0x0000000087400000, 0x0000000087400000| Untracked 
|  87|0x0000000087500000, 0x0000000087500000, 0x0000000087600000|  0%| F|  |TAMS 0x0000000087500000, 0x0000000087500000| Untracked 
|  88|0x0000000087600000, 0x0000000087600000, 0x0000000087700000|  0%| F|  |TAMS 0x0000000087600000, 0x0000000087600000| Untracked 
|  89|0x0000000087700000, 0x0000000087700000, 0x0000000087800000|  0%| F|  |TAMS 0x0000000087700000, 0x0000000087700000| Untracked 
|  90|0x0000000087800000, 0x0000000087800000, 0x0000000087900000|  0%| F|  |TAMS 0x0000000087800000, 0x0000000087800000| Untracked 
|  91|0x0000000087900000, 0x0000000087900000, 0x0000000087a00000|  0%| F|  |TAMS 0x0000000087900000, 0x0000000087900000| Untracked 
|  92|0x0000000087a00000, 0x0000000087a00000, 0x0000000087b00000|  0%| F|  |TAMS 0x0000000087a00000, 0x0000000087a00000| Untracked 
|  93|0x0000000087b00000, 0x0000000087b00000, 0x0000000087c00000|  0%| F|  |TAMS 0x0000000087b00000, 0x0000000087b00000| Untracked 
|  94|0x0000000087c00000, 0x0000000087c00000, 0x0000000087d00000|  0%| F|  |TAMS 0x0000000087c00000, 0x0000000087c00000| Untracked 
|  95|0x0000000087d00000, 0x0000000087d00000, 0x0000000087e00000|  0%| F|  |TAMS 0x0000000087d00000, 0x0000000087d00000| Untracked 
|  96|0x0000000087e00000, 0x0000000087e00000, 0x0000000087f00000|  0%| F|  |TAMS 0x0000000087e00000, 0x0000000087e00000| Untracked 
|  97|0x0000000087f00000, 0x0000000087f00000, 0x0000000088000000|  0%| F|  |TAMS 0x0000000087f00000, 0x0000000087f00000| Untracked 
|  98|0x0000000088000000, 0x0000000088000000, 0x0000000088100000|  0%| F|  |TAMS 0x0000000088000000, 0x0000000088000000| Untracked 
|  99|0x0000000088100000, 0x0000000088100000, 0x0000000088200000|  0%| F|  |TAMS 0x0000000088100000, 0x0000000088100000| Untracked 
| 100|0x0000000088200000, 0x0000000088200000, 0x0000000088300000|  0%| F|  |TAMS 0x0000000088200000, 0x0000000088200000| Untracked 
| 101|0x0000000088300000, 0x0000000088300000, 0x0000000088400000|  0%| F|  |TAMS 0x0000000088300000, 0x0000000088300000| Untracked 
| 102|0x0000000088400000, 0x0000000088400000, 0x0000000088500000|  0%| F|  |TAMS 0x0000000088400000, 0x0000000088400000| Untracked 
| 103|0x0000000088500000, 0x0000000088500000, 0x0000000088600000|  0%| F|  |TAMS 0x0000000088500000, 0x0000000088500000| Untracked 
| 104|0x0000000088600000, 0x0000000088600000, 0x0000000088700000|  0%| F|  |TAMS 0x0000000088600000, 0x0000000088600000| Untracked 
| 105|0x0000000088700000, 0x0000000088700000, 0x0000000088800000|  0%| F|  |TAMS 0x0000000088700000, 0x0000000088700000| Untracked 
| 106|0x0000000088800000, 0x0000000088800000, 0x0000000088900000|  0%| F|  |TAMS 0x0000000088800000, 0x0000000088800000| Untracked 
| 107|0x0000000088900000, 0x0000000088900000, 0x0000000088a00000|  0%| F|  |TAMS 0x0000000088900000, 0x0000000088900000| Untracked 
| 108|0x0000000088a00000, 0x0000000088a00000, 0x0000000088b00000|  0%| F|  |TAMS 0x0000000088a00000, 0x0000000088a00000| Untracked 
| 109|0x0000000088b00000, 0x0000000088b00000, 0x0000000088c00000|  0%| F|  |TAMS 0x0000000088b00000, 0x0000000088b00000| Untracked 
| 110|0x0000000088c00000, 0x0000000088c00000, 0x0000000088d00000|  0%| F|  |TAMS 0x0000000088c00000, 0x0000000088c00000| Untracked 
| 111|0x0000000088d00000, 0x0000000088d00000, 0x0000000088e00000|  0%| F|  |TAMS 0x0000000088d00000, 0x0000000088d00000| Untracked 
| 112|0x0000000088e00000, 0x0000000088e00000, 0x0000000088f00000|  0%| F|  |TAMS 0x0000000088e00000, 0x0000000088e00000| Untracked 
| 113|0x0000000088f00000, 0x0000000088f00000, 0x0000000089000000|  0%| F|  |TAMS 0x0000000088f00000, 0x0000000088f00000| Untracked 
| 114|0x0000000089000000, 0x0000000089000000, 0x0000000089100000|  0%| F|  |TAMS 0x0000000089000000, 0x0000000089000000| Untracked 
| 115|0x0000000089100000, 0x0000000089100000, 0x0000000089200000|  0%| F|  |TAMS 0x0000000089100000, 0x0000000089100000| Untracked 
| 116|0x0000000089200000, 0x0000000089200000, 0x0000000089300000|  0%| F|  |TAMS 0x0000000089200000, 0x0000000089200000| Untracked 
| 117|0x0000000089300000, 0x0000000089300000, 0x0000000089400000|  0%| F|  |TAMS 0x0000000089300000, 0x0000000089300000| Untracked 
| 118|0x0000000089400000, 0x0000000089400000, 0x0000000089500000|  0%| F|  |TAMS 0x0000000089400000, 0x0000000089400000| Untracked 
| 119|0x0000000089500000, 0x0000000089500000, 0x0000000089600000|  0%| F|  |TAMS 0x0000000089500000, 0x0000000089500000| Untracked 
| 120|0x0000000089600000, 0x0000000089600000, 0x0000000089700000|  0%| F|  |TAMS 0x0000000089600000, 0x0000000089600000| Untracked 
| 121|0x0000000089700000, 0x0000000089700000, 0x0000000089800000|  0%| F|  |TAMS 0x0000000089700000, 0x0000000089700000| Untracked 
| 122|0x0000000089800000, 0x0000000089800000, 0x0000000089900000|  0%| F|  |TAMS 0x0000000089800000, 0x0000000089800000| Untracked 
| 123|0x0000000089900000, 0x0000000089900000, 0x0000000089a00000|  0%| F|  |TAMS 0x0000000089900000, 0x0000000089900000| Untracked 
| 124|0x0000000089a00000, 0x0000000089b00000, 0x0000000089b00000|100%| E|  |TAMS 0x0000000089a00000, 0x0000000089a00000| Complete 
| 125|0x0000000089b00000, 0x0000000089c00000, 0x0000000089c00000|100%| E|CS|TAMS 0x0000000089b00000, 0x0000000089b00000| Complete 
| 126|0x0000000089c00000, 0x0000000089d00000, 0x0000000089d00000|100%| E|CS|TAMS 0x0000000089c00000, 0x0000000089c00000| Complete 
| 127|0x0000000089d00000, 0x0000000089e00000, 0x0000000089e00000|100%| E|CS|TAMS 0x0000000089d00000, 0x0000000089d00000| Complete 

Card table byte_map: [0x00000259fc980000,0x00000259fcd80000] _byte_map_base: 0x00000259fc571000

Marking Bits (Prev, Next): (CMBitMap*) 0x00000259fc4e6688, (CMBitMap*) 0x00000259fc4e66c0
 Prev Bits: [0x00000259fd180000, 0x00000259ff108000)
 Next Bits: [0x0000025997d70000, 0x0000025999cf8000)

Polling page: 0x00000259fa3f0000

Metaspace:

Usage:
  Non-class:      7.30 MB capacity,     7.14 MB ( 98%) used,   158.61 KB (  2%) free+waste,     9.25 KB ( <1%) overhead. 
      Class:    772.00 KB capacity,   720.95 KB ( 93%) used,    46.55 KB (  6%) free+waste,     4.50 KB ( <1%) overhead. 
       Both:      8.06 MB capacity,     7.84 MB ( 97%) used,   205.16 KB (  2%) free+waste,    13.75 KB ( <1%) overhead. 

Virtual space:
  Non-class space:        8.00 MB reserved,       7.50 MB ( 94%) committed 
      Class space:        1.00 GB reserved,     896.00 KB ( <1%) committed 
             Both:        1.01 GB reserved,       8.38 MB ( <1%) committed 

Chunk freelists:
   Non-Class:  11.00 KB
       Class:  28.00 KB
        Both:  39.00 KB

MaxMetaspaceSize: 17179869184.00 GB
CompressedClassSpaceSize: 1.00 GB

CodeHeap 'non-profiled nmethods': size=120064Kb used=115Kb max_used=115Kb free=119948Kb
 bounds [0x0000025990830000, 0x0000025990aa0000, 0x0000025997d70000]
CodeHeap 'profiled nmethods': size=120000Kb used=676Kb max_used=676Kb free=119323Kb
 bounds [0x0000025989300000, 0x0000025989570000, 0x0000025990830000]
CodeHeap 'non-nmethods': size=5696Kb used=1077Kb max_used=1089Kb free=4618Kb
 bounds [0x0000025988d70000, 0x0000025988fe0000, 0x0000025989300000]
 total_blobs=824 nmethods=443 adapters=293
 compilation: enabled
              stopped_count=0, restarted_count=0
 full_count=0

Compilation events (20 events):
Event: 0.209 Thread 0x00000259ff629000  435       4       jdk.internal.org.objectweb.asm.ClassWriter::get (49 bytes)
Event: 0.209 Thread 0x000002599c329000  436       4       jdk.internal.org.objectweb.asm.Item::set (219 bytes)
Event: 0.209 Thread 0x00000259ff62a000 nmethod 433 0x00000259893a6510 code [0x00000259893a6800, 0x00000259893a7d38]
Event: 0.209 Thread 0x00000259ff62a000  434       3       java.lang.invoke.MethodType::erase (8 bytes)
Event: 0.210 Thread 0x00000259ff62a000 nmethod 434 0x00000259893a8290 code [0x00000259893a8440, 0x00000259893a8558]
Event: 0.210 Thread 0x00000259ff62a000  437       1       java.lang.invoke.MethodTypeForm::basicType (5 bytes)
Event: 0.210 Thread 0x00000259ff62a000 nmethod 437 0x000002599084b510 code [0x000002599084b6c0, 0x000002599084b778]
Event: 0.211 Thread 0x00000259ff629000 nmethod 435 0x000002599084b810 code [0x000002599084b9c0, 0x000002599084bb08]
Event: 0.212 Thread 0x00000259ff629000  438       4       java.lang.AbstractStringBuilder::ensureCapacityInternal (39 bytes)
Event: 0.213 Thread 0x00000259ff62a000  439       3       java.lang.StringCoding::hasNegatives (25 bytes)
Event: 0.214 Thread 0x00000259ff62a000 nmethod 439 0x00000259893a8610 code [0x00000259893a87c0, 0x00000259893a89d8]
Event: 0.214 Thread 0x00000259ff62a000  440       3       java.util.Collections$UnmodifiableCollection$1::hasNext (10 bytes)
Event: 0.214 Thread 0x00000259ff62a000 nmethod 440 0x00000259893a8b10 code [0x00000259893a8cc0, 0x00000259893a8e88]
Event: 0.214 Thread 0x00000259ff62a000  442       3       java.lang.Integer::reverseBytes (26 bytes)
Event: 0.214 Thread 0x00000259ff62a000 nmethod 442 0x00000259893a8f90 code [0x00000259893a9140, 0x00000259893a9258]
Event: 0.214 Thread 0x00000259ff62a000  444       1       java.nio.charset.Charset::name (5 bytes)
Event: 0.214 Thread 0x00000259ff62a000 nmethod 444 0x000002599084c110 code [0x000002599084c2c0, 0x000002599084c378]
Event: 0.215 Thread 0x00000259ff629000 nmethod 438 0x000002599084c410 code [0x000002599084c5c0, 0x000002599084c998]
Event: 0.215 Thread 0x00000259ff629000  443       4       java.lang.Math::min (11 bytes)
Event: 0.215 Thread 0x00000259ff629000 nmethod 443 0x000002599084cb10 code [0x000002599084cca0, 0x000002599084ccf8]

GC Heap History (0 events):
No events

Deoptimization events (8 events):
Event: 0.083 Thread 0x00000259fc4a3000 Uncommon trap: trap_request=0xffffff4d fr.pc=0x000002599083449c relative=0x00000000000001fc
Event: 0.083 Thread 0x00000259fc4a3000 Uncommon trap: reason=unstable_if action=reinterpret pc=0x000002599083449c method=java.lang.String.hashCode()I @ 14 c2
Event: 0.083 Thread 0x00000259fc4a3000 DEOPT PACKING pc=0x000002599083449c sp=0x000000e1fdafdfa0
Event: 0.083 Thread 0x00000259fc4a3000 DEOPT UNPACKING pc=0x0000025988d978af sp=0x000000e1fdafdf38 mode 2
Event: 0.140 Thread 0x00000259fc4a3000 Uncommon trap: trap_request=0xffffff4d fr.pc=0x00000259908374b0 relative=0x0000000000000070
Event: 0.140 Thread 0x00000259fc4a3000 Uncommon trap: reason=unstable_if action=reinterpret pc=0x00000259908374b0 method=java.lang.String.isLatin1()Z @ 10 c2
Event: 0.140 Thread 0x00000259fc4a3000 DEOPT PACKING pc=0x00000259908374b0 sp=0x000000e1fdafee80
Event: 0.140 Thread 0x00000259fc4a3000 DEOPT UNPACKING pc=0x0000025988d978af sp=0x000000e1fdafedc0 mode 2

Classes redefined (0 events):
No events

Internal exceptions (16 events):
Event: 0.161 Thread 0x00000259fc4a3000 Exception <a 'java/io/IOException'{0x0000000089bae440}> (0x0000000089bae440) thrown at [./src/hotspot/share/prims/jni.cpp, line 615]
Event: 0.161 Thread 0x00000259fc4a3000 Exception <a 'java/io/IOException'{0x0000000089bae8a0}> (0x0000000089bae8a0) thrown at [./src/hotspot/share/prims/jni.cpp, line 615]
Event: 0.161 Thread 0x00000259fc4a3000 Exception <a 'java/io/IOException'{0x0000000089baec48}> (0x0000000089baec48) thrown at [./src/hotspot/share/prims/jni.cpp, line 615]
Event: 0.170 Thread 0x00000259fc4a3000 Exception <a 'java/lang/NoSuchMethodError'{0x0000000089bf89d0}: 'java.lang.Object java.lang.invoke.DirectMethodHandle$Holder.invokeStatic(java.lang.Object, java.lang.Object, java.lang.Object, java.lang.Object, java.lang.Object, java.lang.Object, java.lang.Object, java.lang.Object, java.lang.Object, java.lang.Object, java.lang.Object, int)'> (0x0000000089bf89d0) thrown at [./src/hotspot/share/interpreter/linkResolver.cpp, line 773]
Event: 0.173 Thread 0x00000259fc4a3000 Exception <a 'java/lang/NoSuchMethodError'{0x0000000089a175f0}: 'java.lang.Object java.lang.invoke.DirectMethodHandle$Holder.invokeStatic(java.lang.Object, java.lang.Object, java.lang.Object, java.lang.Object, java.lang.Object, java.lang.Object, java.lang.Object, java.lang.Object, java.lang.Object, java.lang.Object, java.lang.Object, int, int)'> (0x0000000089a175f0) thrown at [./src/hotspot/share/interpreter/linkResolver.cpp, line 773]
Event: 0.175 Thread 0x00000259fc4a3000 Exception <a 'java/lang/NoSuchMethodError'{0x0000000089a36a18}: 'java.lang.Object java.lang.invoke.DirectMethodHandle$Holder.invokeStatic(java.lang.Object, java.lang.Object, java.lang.Object, java.lang.Object, java.lang.Object, java.lang.Object, java.lang.Object, java.lang.Object, java.lang.Object, java.lang.Object, java.lang.Object, int, int, java.lang.Object)'> (0x0000000089a36a18) thrown at [./src/hotspot/share/interpreter/linkResolver.cpp, line 773]
Event: 0.179 Thread 0x00000259fc4a3000 Exception <a 'java/lang/NoSuchMethodError'{0x0000000089a57570}: 'java.lang.Object java.lang.invoke.DirectMethodHandle$Holder.invokeStatic(java.lang.Object, java.lang.Object, java.lang.Object, java.lang.Object, java.lang.Object, java.lang.Object, java.lang.Object, java.lang.Object, java.lang.Object, java.lang.Object, java.lang.Object, int, int, java.lang.Object, java.lang.Object)'> (0x0000000089a57570) thrown at [./src/hotspot/share/interpreter/linkResolver.cpp, line 773]
Event: 0.185 Thread 0x00000259fc4a3000 Exception <a 'java/io/IOException'{0x0000000089a92540}> (0x0000000089a92540) thrown at [./src/hotspot/share/prims/jni.cpp, line 615]
Event: 0.185 Thread 0x00000259fc4a3000 Exception <a 'java/io/IOException'{0x0000000089a92918}> (0x0000000089a92918) thrown at [./src/hotspot/share/prims/jni.cpp, line 615]
Event: 0.185 Thread 0x00000259fc4a3000 Exception <a 'java/io/IOException'{0x0000000089a92cc0}> (0x0000000089a92cc0) thrown at [./src/hotspot/share/prims/jni.cpp, line 615]
Event: 0.190 Thread 0x00000259fc4a3000 Exception <a 'java/net/BindException'{0x0000000089a99f00}: Address already in use: NET_Bind> (0x0000000089a99f00) thrown at [./src/hotspot/share/prims/jni.cpp, line 636]
Event: 0.190 Thread 0x00000259fc4a3000 Exception <a 'java/io/IOException'{0x0000000089a9a430}> (0x0000000089a9a430) thrown at [./src/hotspot/share/prims/jni.cpp, line 615]
Event: 0.190 Thread 0x00000259fc4a3000 Exception <a 'java/io/IOException'{0x0000000089a9a808}> (0x0000000089a9a808) thrown at [./src/hotspot/share/prims/jni.cpp, line 615]
Event: 0.190 Thread 0x00000259fc4a3000 Exception <a 'java/io/IOException'{0x0000000089a9abb0}> (0x0000000089a9abb0) thrown at [./src/hotspot/share/prims/jni.cpp, line 615]
Event: 0.209 Thread 0x00000259fc4a3000 Exception <a 'java/lang/NoSuchMethodError'{0x0000000089ace178}: 'java.lang.Object java.lang.invoke.DirectMethodHandle$Holder.invokeStatic(java.lang.Object, int, int, int, int)'> (0x0000000089ace178) thrown at [./src/hotspot/share/interpreter/linkResolver.cpp, line 773]
Event: 0.209 Thread 0x00000259fc4a3000 Exception <a 'java/lang/NoSuchMethodError'{0x0000000089ad1380}: 'java.lang.Object java.lang.invoke.DirectMethodHandle$Holder.invokeStaticInit(java.lang.Object, int, int, int, int)'> (0x0000000089ad1380) thrown at [./src/hotspot/share/interpreter/linkResolver.cpp, line 773]

Events (20 events):
Event: 0.213 loading class sun/security/provider/SHA
Event: 0.213 loading class sun/security/provider/DigestBase
Event: 0.213 loading class sun/security/provider/DigestBase done
Event: 0.213 loading class sun/security/provider/SHA done
Event: 0.213 loading class sun/security/jca/GetInstance$Instance
Event: 0.213 loading class sun/security/jca/GetInstance$Instance done
Event: 0.213 loading class java/security/MessageDigest$Delegate
Event: 0.213 loading class sun/security/util/MessageDigestSpi2
Event: 0.213 loading class sun/security/util/MessageDigestSpi2 done
Event: 0.213 loading class java/security/MessageDigest$Delegate done
Event: 0.213 loading class sun/security/provider/SeedGenerator$1
Event: 0.213 loading class sun/security/provider/SeedGenerator$1 done
Event: 0.213 loading class sun/security/provider/ByteArrayAccess
Event: 0.213 loading class sun/security/provider/ByteArrayAccess done
Event: 0.214 loading class java/net/NetworkInterface$1
Event: 0.214 loading class java/net/NetworkInterface$1 done
Event: 0.214 loading class java/net/InterfaceAddress
Event: 0.214 loading class java/net/InterfaceAddress done
Event: 0.214 loading class java/net/DefaultInterface
Event: 0.214 loading class java/net/DefaultInterface done


Dynamic libraries:
0x00007ff7d2030000 - 0x00007ff7d203d000 	C:\Programs\STMicroelectronics\STM32CubeIDE\plugins\com.st.stm32cube.ide.jre.win64_2.0.0.202105032045\jre\bin\javaw.exe
0x00007ff971d50000 - 0x00007ff971f48000 	C:\windows\SYSTEM32\ntdll.dll
0x00007ff970b00000 - 0x00007ff970bbd000 	C:\windows\System32\KERNEL32.DLL
0x00007ff96fa80000 - 0x00007ff96fd76000 	C:\windows\System32\KERNELBASE.dll
0x00007ff96c950000 - 0x00007ff96c9e0000 	C:\windows\SYSTEM32\apphelp.dll
0x00007ff96f8d0000 - 0x00007ff96f9d0000 	C:\windows\System32\ucrtbase.dll
0x00007ff954910000 - 0x00007ff954927000 	C:\Programs\STMicroelectronics\STM32CubeIDE\plugins\com.st.stm32cube.ide.jre.win64_2.0.0.202105032045\jre\bin\jli.dll
0x00007ff9548b0000 - 0x00007ff9548c5000 	C:\Programs\STMicroelectronics\STM32CubeIDE\plugins\com.st.stm32cube.ide.jre.win64_2.0.0.202105032045\jre\bin\VCRUNTIME140.dll
0x00007ff971b40000 - 0x00007ff971cde000 	C:\windows\System32\USER32.dll
0x00007ff96f850000 - 0x00007ff96f872000 	C:\windows\System32\win32u.dll
0x00007ff95e090000 - 0x00007ff95e32a000 	C:\windows\WinSxS\amd64_microsoft.windows.common-controls_6595b64144ccf1df_6.0.19041.3636_none_60b6a03d71f818d5\COMCTL32.dll
0x00007ff971a30000 - 0x00007ff971a5c000 	C:\windows\System32\GDI32.dll
0x00007ff9708d0000 - 0x00007ff97096e000 	C:\windows\System32\msvcrt.dll
0x00007ff96f730000 - 0x00007ff96f84a000 	C:\windows\System32\gdi32full.dll
0x00007ff96f690000 - 0x00007ff96f72d000 	C:\windows\System32\msvcp_win.dll
0x00007ff970840000 - 0x00007ff970870000 	C:\windows\System32\IMM32.DLL
0x00007ff91f9b0000 - 0x00007ff91fa4b000 	C:\Programs\STMicroelectronics\STM32CubeIDE\plugins\com.st.stm32cube.ide.jre.win64_2.0.0.202105032045\jre\bin\msvcp140.dll
0x00007ff919c70000 - 0x00007ff91a7b3000 	C:\Programs\STMicroelectronics\STM32CubeIDE\plugins\com.st.stm32cube.ide.jre.win64_2.0.0.202105032045\jre\bin\server\jvm.dll
0x00007ff970bc0000 - 0x00007ff970c6f000 	C:\windows\System32\ADVAPI32.dll
0x00007ff970c70000 - 0x00007ff970d0c000 	C:\windows\System32\sechost.dll
0x00007ff9704e0000 - 0x00007ff970606000 	C:\windows\System32\RPCRT4.dll
0x00007ff970d30000 - 0x00007ff970d38000 	C:\windows\System32\PSAPI.DLL
0x00007ff9612c0000 - 0x00007ff9612e7000 	C:\windows\SYSTEM32\WINMM.dll
0x00007ff9694d0000 - 0x00007ff9694da000 	C:\windows\SYSTEM32\VERSION.dll
0x00007ff960e40000 - 0x00007ff960e49000 	C:\windows\SYSTEM32\WSOCK32.dll
0x00007ff971340000 - 0x00007ff9713ab000 	C:\windows\System32\WS2_32.dll
0x00007ff96d100000 - 0x00007ff96d112000 	C:\windows\SYSTEM32\kernel.appcore.dll
0x00007ff9593d0000 - 0x00007ff9593e0000 	C:\Programs\STMicroelectronics\STM32CubeIDE\plugins\com.st.stm32cube.ide.jre.win64_2.0.0.202105032045\jre\bin\verify.dll
0x00007ff950b80000 - 0x00007ff950d64000 	C:\windows\SYSTEM32\DBGHELP.DLL
0x00007ff955220000 - 0x00007ff955254000 	C:\windows\SYSTEM32\dbgcore.DLL
0x00007ff96f560000 - 0x00007ff96f5e2000 	C:\windows\System32\bcryptPrimitives.dll
0x00007ff954090000 - 0x00007ff9540b8000 	C:\Programs\STMicroelectronics\STM32CubeIDE\plugins\com.st.stm32cube.ide.jre.win64_2.0.0.202105032045\jre\bin\java.dll
0x00007ff959210000 - 0x00007ff95921a000 	C:\Programs\STMicroelectronics\STM32CubeIDE\plugins\com.st.stm32cube.ide.jre.win64_2.0.0.202105032045\jre\bin\jimage.dll
0x00007ff954dc0000 - 0x00007ff954dd7000 	C:\Programs\STMicroelectronics\STM32CubeIDE\plugins\com.st.stm32cube.ide.jre.win64_2.0.0.202105032045\jre\bin\zip.dll
0x00007ff96fd80000 - 0x00007ff9704c5000 	C:\windows\System32\SHELL32.dll
0x00007ff96d300000 - 0x00007ff96da9b000 	C:\windows\SYSTEM32\windows.storage.dll
0x00007ff9715b0000 - 0x00007ff971904000 	C:\windows\System32\combase.dll
0x00007ff96ed70000 - 0x00007ff96ed9d000 	C:\windows\SYSTEM32\Wldp.dll
0x00007ff970a40000 - 0x00007ff970aed000 	C:\windows\System32\SHCORE.dll
0x00007ff9713b0000 - 0x00007ff971405000 	C:\windows\System32\shlwapi.dll
0x00007ff96f330000 - 0x00007ff96f355000 	C:\windows\SYSTEM32\profapi.dll
0x00007ff9591a0000 - 0x00007ff9591b9000 	C:\Programs\STMicroelectronics\STM32CubeIDE\plugins\com.st.stm32cube.ide.jre.win64_2.0.0.202105032045\jre\bin\net.dll
0x00007ff969660000 - 0x00007ff96976a000 	C:\windows\SYSTEM32\WINHTTP.dll
0x00007ff96ead0000 - 0x00007ff96eb3a000 	C:\windows\system32\mswsock.dll
0x00007ff959180000 - 0x00007ff959192000 	C:\Programs\STMicroelectronics\STM32CubeIDE\plugins\com.st.stm32cube.ide.jre.win64_2.0.0.202105032045\jre\bin\nio.dll
0x00007ff964f80000 - 0x00007ff964f97000 	C:\windows\system32\napinsp.dll
0x00007ff964fc0000 - 0x00007ff964fdb000 	C:\windows\system32\pnrpnsp.dll
0x00007ff964fa0000 - 0x00007ff964fb5000 	C:\windows\system32\wshbth.dll
0x00007ff96ad50000 - 0x00007ff96ad6d000 	C:\windows\system32\NLAapi.dll
0x00007ff96e7c0000 - 0x00007ff96e7fb000 	C:\windows\SYSTEM32\IPHLPAPI.DLL
0x00007ff96e800000 - 0x00007ff96e8ca000 	C:\windows\SYSTEM32\DNSAPI.dll
0x00007ff9704d0000 - 0x00007ff9704d8000 	C:\windows\System32\NSI.dll
0x00007ff9666b0000 - 0x00007ff9666c2000 	C:\windows\System32\winrnr.dll
0x0000000063560000 - 0x0000000063569000 	C:\Program Files\National Instruments\Shared\mDNS Responder\nimdnsNSP.dll
0x0000000055900000 - 0x00000000559a3000 	C:\windows\WinSxS\amd64_microsoft.vc90.crt_1fc8b3b9a1e18e3b_9.0.30729.9625_none_08e1c10da83fbc83\MSVCR90.dll
0x0000000063550000 - 0x000000006355c000 	C:\windows\SYSTEM32\nimdnsResponder.dll
0x00007ff9694c0000 - 0x00007ff9694ca000 	C:\Windows\System32\rasadhlp.dll
0x00007ff96a410000 - 0x00007ff96a490000 	C:\windows\System32\fwpuclnt.dll
0x00007ff96f660000 - 0x00007ff96f687000 	C:\windows\System32\bcrypt.dll
0x00007ff96ecd0000 - 0x00007ff96ece8000 	C:\windows\SYSTEM32\CRYPTSP.dll
0x00007ff96e400000 - 0x00007ff96e434000 	C:\windows\system32\rsaenh.dll
0x00007ff96f2b0000 - 0x00007ff96f2de000 	C:\windows\SYSTEM32\USERENV.dll
0x00007ff96ecc0000 - 0x00007ff96eccc000 	C:\windows\SYSTEM32\CRYPTBASE.dll
0x00007ff96a5d0000 - 0x00007ff96a5e7000 	C:\windows\SYSTEM32\dhcpcsvc6.DLL
0x00007ff96a540000 - 0x00007ff96a55d000 	C:\windows\SYSTEM32\dhcpcsvc.DLL

dbghelp: loaded successfully - version: 4.0.5 - missing functions: none
symbol engine: initialized successfully - sym options: 0x614 - pdb path: .;C:\Programs\STMicroelectronics\STM32CubeIDE\plugins\com.st.stm32cube.ide.jre.win64_2.0.0.202105032045\jre\bin;C:\windows\SYSTEM32;C:\windows\WinSxS\amd64_microsoft.windows.common-controls_6595b64144ccf1df_6.0.19041.3636_none_60b6a03d71f818d5;C:\Programs\STMicroelectronics\STM32CubeIDE\plugins\com.st.stm32cube.ide.jre.win64_2.0.0.202105032045\jre\bin\server;C:\Program Files\National Instruments\Shared\mDNS Responder;C:\windows\WinSxS\amd64_microsoft.vc90.crt_1fc8b3b9a1e18e3b_9.0.30729.9625_none_08e1c10da83fbc83

VM Arguments:
java_command: C:\Programs\STMicroelectronics\STM32CubeIDE\plugins\com.st.stm32cube.ide.mcu.ide_2.0.0.202106161847\resources\project_importer\app\cproject_importer.jar --debug C:\Users\bak7\Desktop\STMLAB\I2C_transmit\.project
java_class_path (initial): C:\Programs\STMicroelectronics\STM32CubeIDE\plugins\com.st.stm32cube.ide.mcu.ide_2.0.0.202106161847\resources\project_importer\app\cproject_importer.jar
Launcher Type: SUN_STANDARD

[Global flags]
     intx CICompilerCount                          = 3                                         {product} {ergonomic}
     uint ConcGCThreads                            = 1                                         {product} {ergonomic}
     uint G1ConcRefinementThreads                  = 4                                         {product} {ergonomic}
   size_t G1HeapRegionSize                         = 1048576                                   {product} {ergonomic}
    uintx GCDrainStackTargetSize                   = 64                                        {product} {ergonomic}
   size_t InitialHeapSize                          = 134217728                                 {product} {ergonomic}
   size_t MarkStackSize                            = 4194304                                   {product} {ergonomic}
   size_t MaxHeapSize                              = 2116026368                                {product} {ergonomic}
   size_t MaxNewSize                               = 1268776960                                {product} {ergonomic}
   size_t MinHeapDeltaBytes                        = 1048576                                   {product} {ergonomic}
    uintx NonNMethodCodeHeapSize                   = 5830732                                {pd product} {ergonomic}
    uintx NonProfiledCodeHeapSize                  = 122913754                              {pd product} {ergonomic}
    uintx ProfiledCodeHeapSize                     = 122913754                              {pd product} {ergonomic}
    uintx ReservedCodeCacheSize                    = 251658240                              {pd product} {ergonomic}
     bool SegmentedCodeCache                       = true                                      {product} {ergonomic}
     bool UseCompressedClassPointers               = true                                 {lp64_product} {ergonomic}
     bool UseCompressedOops                        = true                                 {lp64_product} {ergonomic}
     bool UseG1GC                                  = true                                      {product} {ergonomic}
     bool UseLargePagesIndividualAllocation        = false                                  {pd product} {ergonomic}

Logging:
Log output configuration:
 #0: stdout all=warning uptime,level,tags
 #1: stderr all=off uptime,level,tags

Environment Variables:
PATH=C:\Program Files\STMicroelectronics\STM32Cube\STM32CubeMX\;C:\ProgramData\Oracle\Java\javapath;C:\windows\system32;C:\windows;C:\windows\System32\Wbem;C:\windows\System32\WindowsPowerShell\v1.0\;C:\windows\System32\OpenSSH\;C:\Program Files\dotnet\;C:\Program Files (x86)\STMicroelectronics\STM32 ST-LINK Utility\ST-LINK Utility;C:\Program Files (x86)\dotnet\;C:\Program Files (x86)\CODESYS\APInstaller\;C:\Users\bak7\AppData\Local\Microsoft\WindowsApps;;C:\Program Files\STMicroelectronics\STM32Cube\STM32CubeMX\.\jre\\bin
USERNAME=bak7
OS=Windows_NT
PROCESSOR_IDENTIFIER=Intel64 Family 6 Model 158 Stepping 11, GenuineIntel



---------------  S Y S T E M  ---------------

OS: Windows 10 , 64 bit Build 19041 (10.0.19041.3636)
OS uptime: 13 days 21:17 hours

CPU:total 4 (initial active 4) (4 cores per cpu, 1 threads per core) family 6 model 158 stepping 11 microcode 0xb4, cmov, cx8, fxsr, mmx, sse, sse2, sse3, ssse3, sse4.1, sse4.2, popcnt, avx, avx2, aes, clmul, erms, 3dnowpref, lzcnt, tsc, tscinvbit, bmi1, bmi2, adx, fma

Memory: 4k page, system-wide physical 8068M (1330M free)
TotalPageFile size 10339M (AvailPageFile size 2M)
current process WorkingSet (physical memory assigned to process): 45M, peak: 45M
current process commit charge ("private bytes"): 203M, peak: 203M

vm_info: OpenJDK 64-Bit Server VM (11.0.10+9) for windows-amd64 JRE (11.0.10+9), built on Jan 20 2021 06:07:07 by "" with MS VC++ 15.9 (VS2017)

END.
